\BOOKMARK [0][-]{chapter.1}{Introduction}{}% 1
\BOOKMARK [1][-]{section.1.1}{Description of TVM selected - STM}{chapter.1}% 2
\BOOKMARK [0][-]{chapter.2}{Context of use model}{}% 3
\BOOKMARK [1][-]{section.2.1}{User}{chapter.2}% 4
\BOOKMARK [2][-]{subsection.2.1.1}{Role}{section.2.1}% 5
\BOOKMARK [2][-]{subsection.2.1.2}{Experience}{section.2.1}% 6
\BOOKMARK [2][-]{subsection.2.1.3}{Education}{section.2.1}% 7
\BOOKMARK [2][-]{subsection.2.1.4}{Physical Characteristics}{section.2.1}% 8
\BOOKMARK [1][-]{section.2.2}{Task}{chapter.2}% 9
\BOOKMARK [2][-]{subsection.2.2.1}{Choice in system use}{section.2.2}% 10
\BOOKMARK [2][-]{subsection.2.2.2}{Complexity}{section.2.2}% 11
\BOOKMARK [2][-]{subsection.2.2.3}{Temporal characteristics}{section.2.2}% 12
\BOOKMARK [2][-]{subsection.2.2.4}{Demands}{section.2.2}% 13
\BOOKMARK [2][-]{subsection.2.2.5}{Work-flow controllability}{section.2.2}% 14
\BOOKMARK [2][-]{subsection.2.2.6}{Safety}{section.2.2}% 15
\BOOKMARK [2][-]{subsection.2.2.7}{Criticality}{section.2.2}% 16
\BOOKMARK [1][-]{section.2.3}{Environment}{chapter.2}% 17
\BOOKMARK [2][-]{subsection.2.3.1}{Physical}{section.2.3}% 18
\BOOKMARK [2][-]{subsection.2.3.2}{Social}{section.2.3}% 19
\BOOKMARK [2][-]{subsection.2.3.3}{Technical}{section.2.3}% 20
\BOOKMARK [1][-]{section.2.4}{Stakeholders}{chapter.2}% 21
\BOOKMARK [1][-]{section.2.5}{Negative stakeholders[2]}{chapter.2}% 22
\BOOKMARK [0][-]{chapter.3}{Problem Domain}{}% 23
\BOOKMARK [0][-]{chapter.4}{Use Case Model}{}% 24
\BOOKMARK [1][-]{section.4.1}{Use Case Diagram}{chapter.4}% 25
\BOOKMARK [1][-]{section.4.2}{Use case}{chapter.4}% 26
\BOOKMARK [1][-]{section.4.3}{Sequence Diagram of Making Payment}{chapter.4}% 27
\BOOKMARK [1][-]{section.4.4}{Positive Scenarios}{chapter.4}% 28
\BOOKMARK [0][-]{chapter.5}{Conclusion}{}% 29
\BOOKMARK [1][-]{section*.10}{Glossary}{chapter.5}% 30
